17:45:59.232 INFO - Launching a standalone Selenium Server
17:45:59.283 INFO - Java: Oracle Corporation 25.152-b16
17:45:59.283 INFO - OS: Mac OS X 10.12.6 x86_64
17:45:59.301 INFO - v2.53.1, with Core v2.53.1. Built from revision a36b8b1
17:45:59.383 INFO - Driver provider org.openqa.selenium.ie.InternetExplorerDriver registration is skipped:
registration capabilities Capabilities [{ensureCleanSession=true, browserName=internet explorer, version=, platform=WINDOWS}] does not match the current platform MAC
17:45:59.384 INFO - Driver provider org.openqa.selenium.edge.EdgeDriver registration is skipped:
registration capabilities Capabilities [{browserName=MicrosoftEdge, version=, platform=WINDOWS}] does not match the current platform MAC
17:45:59.384 INFO - Driver class not found: com.opera.core.systems.OperaDriver
17:45:59.384 INFO - Driver provider com.opera.core.systems.OperaDriver is not registered
17:45:59.386 INFO - Driver class not found: org.openqa.selenium.htmlunit.HtmlUnitDriver
17:45:59.386 INFO - Driver provider org.openqa.selenium.htmlunit.HtmlUnitDriver is not registered
17:45:59.474 INFO - RemoteWebDriver instances should connect to: http://127.0.0.1:4444/wd/hub
17:45:59.474 INFO - Selenium Server is up and running
17:45:59.884 INFO - Executing: [new session: Capabilities [{acceptSslCerts=true, name=Home Page, browserName=chrome, javascriptEnabled=true, platform=ANY}]])
17:45:59.899 INFO - Creating a new session for Capabilities [{acceptSslCerts=true, name=Home Page, browserName=chrome, javascriptEnabled=true, platform=ANY}]
Starting ChromeDriver 2.34.522932 (4140ab217e1ca1bec0c4b4d1b148f3361eb3a03e) on port 12234
Only local connections are allowed.
17:46:01.582 INFO - Done: [new session: Capabilities [{acceptSslCerts=true, name=Home Page, browserName=chrome, javascriptEnabled=true, platform=ANY}]]
17:46:01.594 INFO - Executing: [get: http://localhost:8080])
17:46:14.668 INFO - Done: [get: http://localhost:8080]
17:46:14.677 INFO - Executing: [find elements: By.cssSelector: #app])
17:46:14.706 INFO - Done: [find elements: By.cssSelector: #app]
17:46:14.716 INFO - Executing: [is displayed: 0 [[ChromeDriver: chrome on MAC (a81c02360bdbb45f0282513db1efc32e)] -> css selector: #app]])
17:46:14.737 INFO - Done: [is displayed: 0 [[ChromeDriver: chrome on MAC (a81c02360bdbb45f0282513db1efc32e)] -> css selector: #app]]
17:46:14.746 INFO - Executing: [find elements: By.cssSelector: .header])
17:46:14.760 INFO - Done: [find elements: By.cssSelector: .header]
17:46:14.769 INFO - Executing: [find elements: By.cssSelector: .page-title])
17:46:14.788 INFO - Done: [find elements: By.cssSelector: .page-title]
17:46:14.802 INFO - Executing: [find element: By.cssSelector: .page-title])
17:46:14.820 INFO - Done: [find element: By.cssSelector: .page-title]
17:46:14.824 INFO - Executing: [get text: 2 [[ChromeDriver: chrome on MAC (a81c02360bdbb45f0282513db1efc32e)] -> css selector: .page-title]])
17:46:14.841 INFO - Done: [get text: 2 [[ChromeDriver: chrome on MAC (a81c02360bdbb45f0282513db1efc32e)] -> css selector: .page-title]]
17:46:14.849 INFO - Executing: [find elements: By.cssSelector: .icon-filter])
17:46:14.867 INFO - Done: [find elements: By.cssSelector: .icon-filter]
17:46:14.872 INFO - Executing: [find elements: By.cssSelector: .icon-list])
17:46:14.885 INFO - Done: [find elements: By.cssSelector: .icon-list]
17:46:14.891 INFO - Executing: [find elements: By.cssSelector: .download-panel])
17:46:14.905 INFO - Done: [find elements: By.cssSelector: .download-panel]
17:46:14.913 INFO - Executing: [delete session: 1bf8c65a-ca22-4225-9e15-dc9d0a15cb9a])
17:46:14.986 INFO - Done: [delete session: 1bf8c65a-ca22-4225-9e15-dc9d0a15cb9a]
17:46:15.057 INFO - Executing: [new session: Capabilities [{acceptSslCerts=true, name=Upload Page, browserName=chrome, javascriptEnabled=true, platform=ANY}]])
17:46:15.059 INFO - Creating a new session for Capabilities [{acceptSslCerts=true, name=Upload Page, browserName=chrome, javascriptEnabled=true, platform=ANY}]
Starting ChromeDriver 2.34.522932 (4140ab217e1ca1bec0c4b4d1b148f3361eb3a03e) on port 40109
Only local connections are allowed.
17:46:15.554 INFO - Done: [new session: Capabilities [{acceptSslCerts=true, name=Upload Page, browserName=chrome, javascriptEnabled=true, platform=ANY}]]
17:46:15.560 INFO - Executing: [get: http://localhost:8080/#/upload])
17:46:15.894 INFO - Done: [get: http://localhost:8080/#/upload]
17:46:15.903 INFO - Executing: [find elements: By.cssSelector: #app])
17:46:15.919 INFO - Done: [find elements: By.cssSelector: #app]
17:46:15.924 INFO - Executing: [is displayed: 0 [[ChromeDriver: chrome on MAC (c4d585cc8cea24171d82707fe046724f)] -> css selector: #app]])
17:46:15.938 INFO - Done: [is displayed: 0 [[ChromeDriver: chrome on MAC (c4d585cc8cea24171d82707fe046724f)] -> css selector: #app]]
17:46:15.944 INFO - Executing: [find elements: By.cssSelector: .header])
17:46:15.958 INFO - Done: [find elements: By.cssSelector: .header]
17:46:15.966 INFO - Executing: [find elements: By.cssSelector: .upload])
17:46:15.984 INFO - Done: [find elements: By.cssSelector: .upload]
17:46:15.993 INFO - Executing: [find elements: By.cssSelector: .upload__back-link])
17:46:16.011 INFO - Done: [find elements: By.cssSelector: .upload__back-link]
17:46:16.019 INFO - Executing: [find element: By.cssSelector: .upload__back-link])
17:46:16.032 INFO - Done: [find element: By.cssSelector: .upload__back-link]
17:46:16.035 INFO - Executing: [get element attribute: 3 [[ChromeDriver: chrome on MAC (c4d585cc8cea24171d82707fe046724f)] -> css selector: .upload__back-link], href])
17:46:16.044 INFO - Done: [get element attribute: 3 [[ChromeDriver: chrome on MAC (c4d585cc8cea24171d82707fe046724f)] -> css selector: .upload__back-link], href]
17:46:16.048 INFO - Executing: [find element: By.cssSelector: .upload__back-link])
17:46:16.056 INFO - Done: [find element: By.cssSelector: .upload__back-link]
17:46:16.060 INFO - Executing: [get text: 3 [[ChromeDriver: chrome on MAC (c4d585cc8cea24171d82707fe046724f)] -> css selector: .upload__back-link]])
17:46:16.080 INFO - Done: [get text: 3 [[ChromeDriver: chrome on MAC (c4d585cc8cea24171d82707fe046724f)] -> css selector: .upload__back-link]]
17:46:16.084 INFO - Executing: [find elements: By.cssSelector: .page-title])
17:46:16.099 INFO - Done: [find elements: By.cssSelector: .page-title]
17:46:16.104 INFO - Executing: [find element: By.cssSelector: .page-title])
17:46:16.121 INFO - Done: [find element: By.cssSelector: .page-title]
17:46:16.126 INFO - Executing: [get text: 4 [[ChromeDriver: chrome on MAC (c4d585cc8cea24171d82707fe046724f)] -> css selector: .page-title]])
17:46:16.142 INFO - Done: [get text: 4 [[ChromeDriver: chrome on MAC (c4d585cc8cea24171d82707fe046724f)] -> css selector: .page-title]]
17:46:16.148 INFO - Executing: [find elements: By.cssSelector: .upload__file-uploader])
17:46:16.161 INFO - Done: [find elements: By.cssSelector: .upload__file-uploader]
17:46:16.167 INFO - Executing: [find elements: By.cssSelector: .upload-area])
17:46:16.183 INFO - Done: [find elements: By.cssSelector: .upload-area]
17:46:16.188 INFO - Executing: [find element: By.cssSelector: .upload-area])
17:46:16.201 INFO - Done: [find element: By.cssSelector: .upload-area]
17:46:16.208 INFO - Executing: [get element attribute: 6 [[ChromeDriver: chrome on MAC (c4d585cc8cea24171d82707fe046724f)] -> css selector: .upload-area], class])
17:46:16.215 INFO - Done: [get element attribute: 6 [[ChromeDriver: chrome on MAC (c4d585cc8cea24171d82707fe046724f)] -> css selector: .upload-area], class]
17:46:16.220 INFO - Executing: [find elements: By.cssSelector: .upload-area__content])
17:46:16.239 INFO - Done: [find elements: By.cssSelector: .upload-area__content]
17:46:16.259 INFO - Executing: [find element: By.cssSelector: .upload-area__content])
17:46:16.278 INFO - Done: [find element: By.cssSelector: .upload-area__content]
17:46:16.282 INFO - Executing: [get element attribute: 7 [[ChromeDriver: chrome on MAC (c4d585cc8cea24171d82707fe046724f)] -> css selector: .upload-area__content], class])
17:46:16.290 INFO - Done: [get element attribute: 7 [[ChromeDriver: chrome on MAC (c4d585cc8cea24171d82707fe046724f)] -> css selector: .upload-area__content], class]
17:46:16.294 INFO - Executing: [find elements: By.cssSelector: .upload-area__message])
17:46:16.308 INFO - Done: [find elements: By.cssSelector: .upload-area__message]
17:46:16.314 INFO - Executing: [find elements: By.cssSelector: .upload-area__button])
17:46:16.327 INFO - Done: [find elements: By.cssSelector: .upload-area__button]
17:46:16.332 INFO - Executing: [find element: By.cssSelector: .upload-area__button])
17:46:16.348 INFO - Done: [find element: By.cssSelector: .upload-area__button]
17:46:16.350 INFO - Executing: [get text: 9 [[ChromeDriver: chrome on MAC (c4d585cc8cea24171d82707fe046724f)] -> css selector: .upload-area__button]])
17:46:16.371 INFO - Done: [get text: 9 [[ChromeDriver: chrome on MAC (c4d585cc8cea24171d82707fe046724f)] -> css selector: .upload-area__button]]
17:46:16.375 INFO - Executing: [find elements: By.cssSelector: .upload-list])
17:46:16.392 INFO - Done: [find elements: By.cssSelector: .upload-list]
17:46:16.396 INFO - Executing: [find elements: By.cssSelector: .upload__back-link])
17:46:16.404 INFO - Done: [find elements: By.cssSelector: .upload__back-link]
17:46:16.408 INFO - Executing: [tag name: 3 [[ChromeDriver: chrome on MAC (c4d585cc8cea24171d82707fe046724f)] -> css selector: .upload__back-link]])
17:46:16.416 INFO - Done: [tag name: 3 [[ChromeDriver: chrome on MAC (c4d585cc8cea24171d82707fe046724f)] -> css selector: .upload__back-link]]
17:46:16.421 INFO - Executing: [delete session: 21a1cbb7-3e27-422f-9679-b285ee3191a0])
17:46:16.537 INFO - Done: [delete session: 21a1cbb7-3e27-422f-9679-b285ee3191a0]
